#logback.classic pattern: %logger{0} %X{replicaId} %msg%n
Slf4jLogger  Slf4jLogger started
Replica 6 Replica 6 created
Replica 2 Replica 2 created
Replica 1 Replica 1 created
Replica 4 Replica 4 created
Replica 5 Replica 5 created
Replica 3 Replica 3 created
Replica 7 Replica 7 created
Replica 4 Starting with 7 peer(s)
Replica 5 Starting with 7 peer(s)
Replica 1 Starting with 7 peer(s)
Replica 2 Starting with 7 peer(s)
Replica 6 Starting with 7 peer(s)
Replica 7 Starting with 7 peer(s)
Replica 3 Starting with 7 peer(s)
Replica 3 Participants: [Actor[akka://vssystem/user/replica-6#-1270265928], Actor[akka://vssystem/user/replica-2#-1145451048], Actor[akka://vssystem/user/replica-3#-1292089105], Actor[akka://vssystem/user/replica-1#-1857905926], Actor[akka://vssystem/user/coordinator#-2104617883], Actor[akka://vssystem/user/replica-4#-2011387929], Actor[akka://vssystem/user/replica-5#-1965193070]]
Replica 1 Participants: [Actor[akka://vssystem/user/replica-6#-1270265928], Actor[akka://vssystem/user/replica-2#-1145451048], Actor[akka://vssystem/user/replica-3#-1292089105], Actor[akka://vssystem/user/replica-1#-1857905926], Actor[akka://vssystem/user/coordinator#-2104617883], Actor[akka://vssystem/user/replica-4#-2011387929], Actor[akka://vssystem/user/replica-5#-1965193070]]
Replica 2 Participants: [Actor[akka://vssystem/user/replica-6#-1270265928], Actor[akka://vssystem/user/replica-2#-1145451048], Actor[akka://vssystem/user/replica-3#-1292089105], Actor[akka://vssystem/user/replica-1#-1857905926], Actor[akka://vssystem/user/coordinator#-2104617883], Actor[akka://vssystem/user/replica-4#-2011387929], Actor[akka://vssystem/user/replica-5#-1965193070]]
Replica 7 Participants: [Actor[akka://vssystem/user/replica-6#-1270265928], Actor[akka://vssystem/user/replica-2#-1145451048], Actor[akka://vssystem/user/replica-3#-1292089105], Actor[akka://vssystem/user/replica-1#-1857905926], Actor[akka://vssystem/user/coordinator#-2104617883], Actor[akka://vssystem/user/replica-4#-2011387929], Actor[akka://vssystem/user/replica-5#-1965193070]]
Replica 5 Participants: [Actor[akka://vssystem/user/replica-6#-1270265928], Actor[akka://vssystem/user/replica-2#-1145451048], Actor[akka://vssystem/user/replica-3#-1292089105], Actor[akka://vssystem/user/replica-1#-1857905926], Actor[akka://vssystem/user/coordinator#-2104617883], Actor[akka://vssystem/user/replica-4#-2011387929], Actor[akka://vssystem/user/replica-5#-1965193070]]
Replica 6 Participants: [Actor[akka://vssystem/user/replica-6#-1270265928], Actor[akka://vssystem/user/replica-2#-1145451048], Actor[akka://vssystem/user/replica-3#-1292089105], Actor[akka://vssystem/user/replica-1#-1857905926], Actor[akka://vssystem/user/coordinator#-2104617883], Actor[akka://vssystem/user/replica-4#-2011387929], Actor[akka://vssystem/user/replica-5#-1965193070]]
Replica 4 Participants: [Actor[akka://vssystem/user/replica-6#-1270265928], Actor[akka://vssystem/user/replica-2#-1145451048], Actor[akka://vssystem/user/replica-3#-1292089105], Actor[akka://vssystem/user/replica-1#-1857905926], Actor[akka://vssystem/user/coordinator#-2104617883], Actor[akka://vssystem/user/replica-4#-2011387929], Actor[akka://vssystem/user/replica-5#-1965193070]]
